19/10/20 10:52:53 AM Monday - Test_001_Login - INFO : ********************** Test_001_Login ***************
19/10/20 10:52:53 AM Monday - Test_001_Login - INFO : ****************** Verify Home Page Title ***********
19/10/20 10:52:55 AM Monday - Test_001_Login - INFO : ***************** Home page title test is passed *******
19/10/20 10:52:57 AM Monday - Test_001_Login - INFO : ***************** Verify Login Test *******
19/10/20 10:53:02 AM Monday - Test_001_Login - INFO : ***************** Login test case is passed *******
19/10/20 12:15:51 PM Monday - Test_001_Login - INFO : ********************** Test_001_Login ***************
19/10/20 12:15:51 PM Monday - Test_001_Login - INFO : ****************** Verify Home Page Title ***********
19/10/20 12:15:54 PM Monday - Test_001_Login - INFO : ***************** Home page title test is passed *******
19/10/20 12:15:56 PM Monday - Test_001_Login - INFO : ***************** Verify Login Test *******
19/10/20 12:16:00 PM Monday - Test_001_Login - INFO : ***************** Login test case is passed *******
19/10/20 12:16:10 PM Monday - Test_001_Login - INFO : ********************** Test_001_Login ***************
19/10/20 12:16:10 PM Monday - Test_001_Login - INFO : ****************** Verify Home Page Title ***********
19/10/20 12:16:12 PM Monday - Test_001_Login - INFO : ***************** Home page title test is passed *******
19/10/20 12:16:14 PM Monday - Test_001_Login - INFO : ***************** Verify Login Test *******
19/10/20 12:16:17 PM Monday - Test_001_Login - INFO : ***************** Login test case is passed *******
19/10/20 12:21:25 PM Monday - Test_001_Login - INFO : ***************** Verify Login Test *******
19/10/20 12:21:25 PM Monday - Test_001_Login - INFO : ********************** Test_001_Login ***************
19/10/20 12:21:25 PM Monday - Test_001_Login - INFO : ****************** Verify Home Page Title ***********
19/10/20 12:21:25 PM Monday - Test_001_Login - INFO : ********************** Test_001_Login ***************
19/10/20 12:21:25 PM Monday - Test_001_Login - INFO : ****************** Verify Home Page Title ***********
19/10/20 12:21:27 PM Monday - Test_001_Login - INFO : ***************** Home page title test is passed *******
19/10/20 12:21:28 PM Monday - Test_001_Login - INFO : ***************** Home page title test is passed *******
19/10/20 12:21:29 PM Monday - Test_001_Login - INFO : ***************** Verify Login Test *******
19/10/20 12:21:29 PM Monday - Test_001_Login - INFO : ***************** Login test case is passed *******
19/10/20 12:21:33 PM Monday - Test_001_Login - INFO : ***************** Login test case is passed *******
19/10/20 12:23:00 PM Monday - Test_001_Login - INFO : ********************** Test_001_Login ***************
19/10/20 12:23:00 PM Monday - Test_001_Login - INFO : ********************** Test_001_Login ***************
19/10/20 12:23:00 PM Monday - Test_001_Login - INFO : ****************** Verify Home Page Title ***********
19/10/20 12:23:00 PM Monday - Test_001_Login - INFO : ****************** Verify Home Page Title ***********
19/10/20 12:23:00 PM Monday - Test_001_Login - INFO : ***************** Verify Login Test *******
19/10/20 12:23:01 PM Monday - Test_001_Login - INFO : ***************** Home page title test is passed *******
19/10/20 12:23:01 PM Monday - Test_001_Login - INFO : ***************** Home page title test is passed *******
19/10/20 12:23:03 PM Monday - Test_001_Login - INFO : ***************** Verify Login Test *******
19/10/20 12:23:03 PM Monday - Test_001_Login - INFO : ***************** Login test case is passed *******
19/10/20 12:23:08 PM Monday - Test_001_Login - INFO : ***************** Login test case is passed *******
19/10/20 12:30:44 PM Monday - Test_001_Login - INFO : ********************** Test_001_Login ***************
19/10/20 12:30:44 PM Monday - Test_001_Login - INFO : ****************** Verify Home Page Title ***********
19/10/20 12:30:44 PM Monday - Test_001_Login - INFO : ***************** Verify Login Test *******
19/10/20 12:30:46 PM Monday - Test_001_Login - INFO : ***************** Home page title test is passed *******
19/10/20 12:30:48 PM Monday - Test_001_Login - INFO : ***************** Login test case is passed *******
19/10/20 01:19:07 PM Monday - Test_001_Login - INFO : ********************** Test_001_Login ***************
19/10/20 01:19:07 PM Monday - Test_001_Login - INFO : ****************** Verify Home Page Title ***********
19/10/20 01:19:09 PM Monday - Test_001_Login - INFO : ***************** Home page title test is passed *******
19/10/20 01:19:10 PM Monday - Test_001_Login - INFO : ***************** Verify Login Test *******
19/10/20 01:19:14 PM Monday - Test_001_Login - INFO : ***************** Login test case is passed *******
19/10/20 01:20:43 PM Monday - Test_002_DDT_Login - INFO : *************** Test_002_DDT_Login ***********
19/10/20 01:20:43 PM Monday - Test_002_DDT_Login - INFO : ***************** Verify Login DDT Test *******
19/10/20 01:20:53 PM Monday - Test_002_DDT_Login - INFO : *** PASSED
19/10/20 01:23:22 PM Monday - Test_002_DDT_Login - INFO : *************** Test_002_DDT_Login ***********
19/10/20 01:23:22 PM Monday - Test_002_DDT_Login - INFO : ***************** Verify Login DDT Test *******
19/10/20 01:23:31 PM Monday - Test_002_DDT_Login - INFO : *** PASSED
19/10/20 01:25:13 PM Monday - Test_002_DDT_Login - INFO : *************** Test_002_DDT_Login ***********
19/10/20 01:25:13 PM Monday - Test_002_DDT_Login - INFO : ***************** Verify Login DDT Test *******
19/10/20 01:25:22 PM Monday - Test_002_DDT_Login - INFO : *** PASSED
19/10/20 01:25:28 PM Monday - Test_002_DDT_Login - INFO : *** PASSED
19/10/20 01:28:11 PM Monday - Test_002_DDT_Login - INFO : *************** Test_002_DDT_Login ***********
19/10/20 01:28:11 PM Monday - Test_002_DDT_Login - INFO : ***************** Verify Login DDT Test *******
19/10/20 01:28:21 PM Monday - Test_002_DDT_Login - INFO : *** PASSED
19/10/20 01:28:27 PM Monday - Test_002_DDT_Login - INFO : *** PASSED
19/10/20 01:33:17 PM Monday - Test_002_DDT_Login - INFO : *************** Test_002_DDT_Login ***********
19/10/20 01:33:17 PM Monday - Test_002_DDT_Login - INFO : ***************** Verify Login DDT Test *******
19/10/20 01:33:27 PM Monday - Test_002_DDT_Login - INFO : *** PASSED
19/10/20 01:33:33 PM Monday - Test_002_DDT_Login - INFO : *** PASSED
19/10/20 01:36:55 PM Monday - Test_002_DDT_Login - INFO : *************** Test_002_DDT_Login ***********
19/10/20 01:36:55 PM Monday - Test_002_DDT_Login - INFO : ***************** Verify Login DDT Test *******
19/10/20 01:37:03 PM Monday - Test_002_DDT_Login - INFO : *** PASSED
19/10/20 01:37:07 PM Monday - Test_002_DDT_Login - INFO : *** PASSED
19/10/20 01:46:24 PM Monday - Test_002_DDT_Login - INFO : *************** Test_002_DDT_Login ***********
19/10/20 01:46:24 PM Monday - Test_002_DDT_Login - INFO : ***************** Verify Login DDT Test *******
19/10/20 01:46:31 PM Monday - Test_002_DDT_Login - INFO : *** PASSED
19/10/20 01:46:35 PM Monday - Test_002_DDT_Login - INFO : *** PASSED
19/10/20 01:47:48 PM Monday - Test_002_DDT_Login - INFO : *************** Test_002_DDT_Login ***********
19/10/20 01:47:48 PM Monday - Test_002_DDT_Login - INFO : ***************** Verify Login DDT Test *******
19/10/20 01:47:55 PM Monday - Test_002_DDT_Login - INFO : *** PASSED
19/10/20 01:47:59 PM Monday - Test_002_DDT_Login - INFO : *** PASSED
19/10/20 01:54:37 PM Monday - Test_002_DDT_Login - INFO : *************** Test_002_DDT_Login ***********
19/10/20 01:54:37 PM Monday - Test_002_DDT_Login - INFO : ***************** Verify Login DDT Test *******
19/10/20 01:54:44 PM Monday - Test_002_DDT_Login - INFO : *** PASSED
19/10/20 01:54:48 PM Monday - Test_002_DDT_Login - INFO : *** PASSED
19/10/20 01:54:51 PM Monday - Test_002_DDT_Login - INFO : *** PASSED
19/10/20 01:54:55 PM Monday - Test_002_DDT_Login - INFO : *** PASSED
19/10/20 01:54:55 PM Monday - Test_002_DDT_Login - INFO : Login DDT test passed...
19/10/20 01:54:55 PM Monday - Test_002_DDT_Login - INFO : ********** End of Login DDT Test ****************
19/10/20 01:54:55 PM Monday - Test_002_DDT_Login - INFO : ********** Completed Test_002_DDT_Login ****************
20/10/20 11:40:12 AM Tuesday - Test_003_AddCustomer - INFO : ************* Test_003_AddCustomer **********
20/10/20 11:40:16 AM Tuesday - Test_003_AddCustomer - INFO : ************* Login succesful **********
20/10/20 11:40:16 AM Tuesday - Test_003_AddCustomer - INFO : ******* Starting Add Customer Test **********
20/10/20 11:52:42 AM Tuesday - Test_003_AddCustomer - INFO : ************* Test_003_AddCustomer **********
20/10/20 11:52:46 AM Tuesday - Test_003_AddCustomer - INFO : ************* Login succesful **********
20/10/20 11:52:46 AM Tuesday - Test_003_AddCustomer - INFO : ******* Starting Add Customer Test **********
20/10/20 11:58:52 AM Tuesday - Test_003_AddCustomer - INFO : ************* Test_003_AddCustomer **********
20/10/20 11:58:56 AM Tuesday - Test_003_AddCustomer - INFO : ************* Login succesful **********
20/10/20 11:58:56 AM Tuesday - Test_003_AddCustomer - INFO : ******* Starting Add Customer Test **********
20/10/20 11:59:01 AM Tuesday - Test_003_AddCustomer - INFO : ************* Providing customer info **********
20/10/20 12:04:57 PM Tuesday - Test_003_AddCustomer - INFO : ************* Test_003_AddCustomer **********
20/10/20 12:05:01 PM Tuesday - Test_003_AddCustomer - INFO : ************* Login succesful **********
20/10/20 12:05:01 PM Tuesday - Test_003_AddCustomer - INFO : ******* Starting Add Customer Test **********
20/10/20 12:05:05 PM Tuesday - Test_003_AddCustomer - INFO : ************* Providing customer info **********
20/10/20 12:09:07 PM Tuesday - Test_003_AddCustomer - INFO : ************* Test_003_AddCustomer **********
20/10/20 12:09:11 PM Tuesday - Test_003_AddCustomer - INFO : ************* Login succesful **********
20/10/20 12:09:11 PM Tuesday - Test_003_AddCustomer - INFO : ******* Starting Add Customer Test **********
20/10/20 12:09:16 PM Tuesday - Test_003_AddCustomer - INFO : ************* Providing customer info **********
20/10/20 12:10:34 PM Tuesday - Test_003_AddCustomer - INFO : ************* Test_003_AddCustomer **********
20/10/20 12:10:38 PM Tuesday - Test_003_AddCustomer - INFO : ************* Login succesful **********
20/10/20 12:10:38 PM Tuesday - Test_003_AddCustomer - INFO : ******* Starting Add Customer Test **********
20/10/20 12:10:43 PM Tuesday - Test_003_AddCustomer - INFO : ************* Providing customer info **********
20/10/20 12:19:25 PM Tuesday - Test_003_AddCustomer - INFO : ************* Test_003_AddCustomer **********
20/10/20 12:19:29 PM Tuesday - Test_003_AddCustomer - INFO : ************* Login succesful **********
20/10/20 12:19:29 PM Tuesday - Test_003_AddCustomer - INFO : ******* Starting Add Customer Test **********
20/10/20 12:19:33 PM Tuesday - Test_003_AddCustomer - INFO : ************* Providing customer info **********
20/10/20 12:20:06 PM Tuesday - Test_003_AddCustomer - INFO : ************* Test_003_AddCustomer **********
20/10/20 12:20:10 PM Tuesday - Test_003_AddCustomer - INFO : ************* Login succesful **********
20/10/20 12:20:10 PM Tuesday - Test_003_AddCustomer - INFO : ******* Starting Add Customer Test **********
20/10/20 12:20:14 PM Tuesday - Test_003_AddCustomer - INFO : ************* Providing customer info **********
20/10/20 12:22:26 PM Tuesday - Test_003_AddCustomer - INFO : ************* Test_003_AddCustomer **********
20/10/20 12:22:30 PM Tuesday - Test_003_AddCustomer - INFO : ************* Login succesful **********
20/10/20 12:22:30 PM Tuesday - Test_003_AddCustomer - INFO : ******* Starting Add Customer Test **********
20/10/20 12:22:34 PM Tuesday - Test_003_AddCustomer - INFO : ************* Providing customer info **********
20/10/20 12:31:05 PM Tuesday - Test_003_AddCustomer - INFO : ************* Test_003_AddCustomer **********
20/10/20 12:31:09 PM Tuesday - Test_003_AddCustomer - INFO : ************* Login succesful **********
20/10/20 12:31:09 PM Tuesday - Test_003_AddCustomer - INFO : ******* Starting Add Customer Test **********
20/10/20 12:31:14 PM Tuesday - Test_003_AddCustomer - INFO : ************* Providing customer info **********
20/10/20 12:32:28 PM Tuesday - Test_003_AddCustomer - INFO : ************* Test_003_AddCustomer **********
20/10/20 12:32:32 PM Tuesday - Test_003_AddCustomer - INFO : ************* Login succesful **********
20/10/20 12:32:32 PM Tuesday - Test_003_AddCustomer - INFO : ******* Starting Add Customer Test **********
20/10/20 12:32:36 PM Tuesday - Test_003_AddCustomer - INFO : ************* Providing customer info **********
20/10/20 12:36:36 PM Tuesday - Test_003_AddCustomer - INFO : ************* Test_003_AddCustomer **********
20/10/20 12:36:40 PM Tuesday - Test_003_AddCustomer - INFO : ************* Login succesful **********
20/10/20 12:36:40 PM Tuesday - Test_003_AddCustomer - INFO : ******* Starting Add Customer Test **********
20/10/20 12:36:45 PM Tuesday - Test_003_AddCustomer - INFO : ************* Providing customer info **********
20/10/20 12:37:31 PM Tuesday - Test_003_AddCustomer - INFO : ************* Test_003_AddCustomer **********
20/10/20 12:37:35 PM Tuesday - Test_003_AddCustomer - INFO : ************* Login succesful **********
20/10/20 12:37:35 PM Tuesday - Test_003_AddCustomer - INFO : ******* Starting Add Customer Test **********
20/10/20 12:37:40 PM Tuesday - Test_003_AddCustomer - INFO : ************* Providing customer info **********
20/10/20 12:37:57 PM Tuesday - Test_003_AddCustomer - INFO : ************* Saving customer info **********
20/10/20 12:37:57 PM Tuesday - Test_003_AddCustomer - INFO : ********* Add customer validation started *****************
20/10/20 12:37:57 PM Tuesday - Test_003_AddCustomer - INFO : ********* Add customer Test Passed *********
20/10/20 12:37:57 PM Tuesday - Test_003_AddCustomer - INFO : ******* Ending Add customer test **********
20/10/20 12:41:26 PM Tuesday - Test_003_AddCustomer - INFO : ************* Test_003_AddCustomer **********
20/10/20 12:41:31 PM Tuesday - Test_003_AddCustomer - INFO : ************* Login succesful **********
20/10/20 12:41:31 PM Tuesday - Test_003_AddCustomer - INFO : ******* Starting Add Customer Test **********
20/10/20 12:41:35 PM Tuesday - Test_003_AddCustomer - INFO : ************* Providing customer info **********
20/10/20 12:44:08 PM Tuesday - Test_003_AddCustomer - INFO : ************* Test_003_AddCustomer **********
20/10/20 12:44:12 PM Tuesday - Test_003_AddCustomer - INFO : ************* Login succesful **********
20/10/20 12:44:12 PM Tuesday - Test_003_AddCustomer - INFO : ******* Starting Add Customer Test **********
20/10/20 12:44:16 PM Tuesday - Test_003_AddCustomer - INFO : ************* Providing customer info **********
20/10/20 12:45:32 PM Tuesday - Test_003_AddCustomer - INFO : ************* Test_003_AddCustomer **********
20/10/20 12:45:36 PM Tuesday - Test_003_AddCustomer - INFO : ************* Login succesful **********
20/10/20 12:45:36 PM Tuesday - Test_003_AddCustomer - INFO : ******* Starting Add Customer Test **********
20/10/20 12:45:41 PM Tuesday - Test_003_AddCustomer - INFO : ************* Providing customer info **********
20/10/20 12:45:57 PM Tuesday - Test_003_AddCustomer - INFO : ************* Saving customer info **********
20/10/20 12:45:57 PM Tuesday - Test_003_AddCustomer - INFO : ********* Add customer validation started *****************
20/10/20 12:45:58 PM Tuesday - Test_003_AddCustomer - INFO : ********* Add customer Test Passed *********
20/10/20 12:45:58 PM Tuesday - Test_003_AddCustomer - INFO : ******* Ending Add customer test **********
20/10/20 12:48:07 PM Tuesday - Test_003_AddCustomer - INFO : ************* Test_003_AddCustomer **********
20/10/20 12:48:10 PM Tuesday - Test_003_AddCustomer - INFO : ************* Login succesful **********
20/10/20 12:48:10 PM Tuesday - Test_003_AddCustomer - INFO : ******* Starting Add Customer Test **********
20/10/20 12:48:15 PM Tuesday - Test_003_AddCustomer - INFO : ************* Providing customer info **********
20/10/20 12:48:32 PM Tuesday - Test_003_AddCustomer - INFO : ************* Saving customer info **********
20/10/20 12:48:32 PM Tuesday - Test_003_AddCustomer - INFO : ********* Add customer validation started *****************
20/10/20 12:48:32 PM Tuesday - Test_003_AddCustomer - INFO : ********* Add customer Test Passed *********
20/10/20 12:48:32 PM Tuesday - Test_003_AddCustomer - INFO : ******* Ending Add customer test **********
20/10/20 01:00:49 PM Tuesday - Test_SearchCustomerByEmail_004 - INFO : ************* SearchCustomerByEmail_004 **********
20/10/20 01:00:54 PM Tuesday - Test_SearchCustomerByEmail_004 - INFO : ************* Login succesful **********
20/10/20 01:00:54 PM Tuesday - Test_SearchCustomerByEmail_004 - INFO : ******* Starting Search Customer By Email **********
20/10/20 01:02:11 PM Tuesday - Test_SearchCustomerByEmail_004 - INFO : ************* SearchCustomerByEmail_004 **********
20/10/20 01:02:15 PM Tuesday - Test_SearchCustomerByEmail_004 - INFO : ************* Login succesful **********
20/10/20 01:02:15 PM Tuesday - Test_SearchCustomerByEmail_004 - INFO : ******* Starting Search Customer By Email **********
20/10/20 01:02:19 PM Tuesday - Test_SearchCustomerByEmail_004 - INFO : ************* searching customer by emailID **********
20/10/20 01:02:24 PM Tuesday - Test_SearchCustomerByEmail_004 - INFO : ***************  TC_SearchCustomerByEmail_004 Finished  *********** 
20/10/20 01:03:01 PM Tuesday - Test_SearchCustomerByEmail_004 - INFO : ************* SearchCustomerByEmail_004 **********
20/10/20 01:03:05 PM Tuesday - Test_SearchCustomerByEmail_004 - INFO : ************* Login succesful **********
20/10/20 01:03:05 PM Tuesday - Test_SearchCustomerByEmail_004 - INFO : ******* Starting Search Customer By Email **********
20/10/20 01:03:08 PM Tuesday - Test_SearchCustomerByEmail_004 - INFO : ************* searching customer by emailID **********
20/10/20 01:03:14 PM Tuesday - Test_SearchCustomerByEmail_004 - INFO : ***************  TC_SearchCustomerByEmail_004 Finished  *********** 
20/10/20 01:04:04 PM Tuesday - Test_SearchCustomerByName_005 - INFO : ************* SearchCustomerByName_005 **********
20/10/20 01:04:08 PM Tuesday - Test_SearchCustomerByName_005 - INFO : ************* Login succesful **********
20/10/20 01:04:08 PM Tuesday - Test_SearchCustomerByName_005 - INFO : ******* Starting Search Customer By Name **********
20/10/20 01:04:13 PM Tuesday - Test_SearchCustomerByName_005 - INFO : ************* searching customer by Name **********
20/10/20 01:04:19 PM Tuesday - Test_SearchCustomerByName_005 - INFO : ***************  TC_SearchCustomerByName_005 Finished  *********** 
20/10/20 01:38:14 PM Tuesday - Test_001_Login - INFO : ***************** Verify Login Test *******
20/10/20 01:38:18 PM Tuesday - Test_001_Login - INFO : ***************** Login test case is passed *******
20/10/20 01:39:40 PM Tuesday - Test_003_AddCustomer - INFO : ************* Test_003_AddCustomer **********
20/10/20 01:39:45 PM Tuesday - Test_003_AddCustomer - INFO : ************* Login succesful **********
20/10/20 01:39:45 PM Tuesday - Test_003_AddCustomer - INFO : ******* Starting Add Customer Test **********
20/10/20 01:39:49 PM Tuesday - Test_003_AddCustomer - INFO : ************* Providing customer info **********
20/10/20 01:40:06 PM Tuesday - Test_003_AddCustomer - INFO : ************* Saving customer info **********
20/10/20 01:40:06 PM Tuesday - Test_003_AddCustomer - INFO : ********* Add customer validation started *****************
20/10/20 01:40:06 PM Tuesday - Test_003_AddCustomer - INFO : ********* Add customer Test Passed *********
20/10/20 01:40:06 PM Tuesday - Test_003_AddCustomer - INFO : ******* Ending Add customer test **********
20/10/20 01:40:07 PM Tuesday - Test_001_Login - INFO : ***************** Verify Login Test *******
20/10/20 01:40:11 PM Tuesday - Test_001_Login - INFO : ***************** Login test case is passed *******
20/10/20 01:41:50 PM Tuesday - Test_003_AddCustomer - INFO : ************* Test_003_AddCustomer **********
20/10/20 01:41:53 PM Tuesday - Test_003_AddCustomer - INFO : ************* Login succesful **********
20/10/20 01:41:53 PM Tuesday - Test_003_AddCustomer - INFO : ******* Starting Add Customer Test **********
20/10/20 01:41:58 PM Tuesday - Test_003_AddCustomer - INFO : ************* Providing customer info **********
20/10/20 01:42:14 PM Tuesday - Test_003_AddCustomer - INFO : ************* Saving customer info **********
20/10/20 01:42:14 PM Tuesday - Test_003_AddCustomer - INFO : ********* Add customer validation started *****************
20/10/20 01:42:14 PM Tuesday - Test_003_AddCustomer - INFO : ********* Add customer Test Passed *********
20/10/20 01:42:15 PM Tuesday - Test_003_AddCustomer - INFO : ******* Ending Add customer test **********
20/10/20 01:42:16 PM Tuesday - Test_001_Login - INFO : ***************** Verify Login Test *******
20/10/20 01:42:20 PM Tuesday - Test_001_Login - INFO : ***************** Login test case is passed *******
20/10/20 01:49:34 PM Tuesday - Test_003_AddCustomer - INFO : ************* Test_003_AddCustomer **********
20/10/20 01:49:39 PM Tuesday - Test_003_AddCustomer - INFO : ************* Login succesful **********
20/10/20 01:49:39 PM Tuesday - Test_003_AddCustomer - INFO : ******* Starting Add Customer Test **********
20/10/20 01:49:43 PM Tuesday - Test_003_AddCustomer - INFO : ************* Providing customer info **********
20/10/20 01:50:00 PM Tuesday - Test_003_AddCustomer - INFO : ************* Saving customer info **********
20/10/20 01:50:00 PM Tuesday - Test_003_AddCustomer - INFO : ********* Add customer validation started *****************
20/10/20 01:50:00 PM Tuesday - Test_003_AddCustomer - INFO : ********* Add customer Test Passed *********
20/10/20 01:50:00 PM Tuesday - Test_003_AddCustomer - INFO : ******* Ending Add customer test **********
20/10/20 01:50:01 PM Tuesday - Test_001_Login - INFO : ***************** Verify Login Test *******
20/10/20 01:50:05 PM Tuesday - Test_001_Login - INFO : ***************** Login test case is passed *******
